!SESSION 2018-11-13 16:02:07.430 -----------------------------------------------
eclipse.buildId=4.7.2.M20171130-0510
java.version=1.8.0_181
java.vendor=Oracle Corporation
BootLoader constants: OS=win32, ARCH=x86_64, WS=win32, NL=fr_BE
Framework arguments:  -product org.eclipse.epp.package.java.product
Command-line arguments:  -os win32 -ws win32 -arch x86_64 -product org.eclipse.epp.package.java.product

!ENTRY org.eclipse.egit.ui 2 0 2018-11-13 16:05:18.756
!MESSAGE Warning: The environment variable HOME is not set. The following directory will be used to store the Git
user global configuration and to define the default location to store repositories: 'C:\Users\alice'. If this is
not correct please set the HOME environment variable and restart Eclipse. Otherwise Git for Windows and
EGit might behave differently since they see different configuration options.
This warning can be switched off on the Team > Git > Confirmations and Warnings preference page.

!ENTRY org.eclipse.jface.text 2 0 2018-11-13 16:08:26.164
!MESSAGE Duplicate template id: 'org.eclipse.wst.xslt.templates.xpath.number'

!ENTRY org.eclipse.jface.text 2 0 2018-11-13 16:08:26.164
!MESSAGE Duplicate template id: 'org.eclipse.wst.xslt.templates.xpath.round'

!ENTRY org.eclipse.jface.text 2 0 2018-11-13 16:08:26.992
!MESSAGE Duplicate template id: 'org.eclipse.wst.xslt.templates.xpath.number'

!ENTRY org.eclipse.jface.text 2 0 2018-11-13 16:08:26.992
!MESSAGE Duplicate template id: 'org.eclipse.wst.xslt.templates.xpath.round'

!ENTRY org.eclipse.recommenders.types.rcp 1 4 2018-11-13 16:25:47.166
!MESSAGE Full project indexing required:
  [+] C:\Program Files\Java\jre1.8.0_181\lib\charsets.jar
  [+] C:\Program Files\Java\jre1.8.0_181\lib\ext\access-bridge-64.jar
  [+] C:\Program Files\Java\jre1.8.0_181\lib\ext\cldrdata.jar
  [+] C:\Program Files\Java\jre1.8.0_181\lib\ext\dnsns.jar
  [+] C:\Program Files\Java\jre1.8.0_181\lib\ext\jaccess.jar
  [+] C:\Program Files\Java\jre1.8.0_181\lib\ext\jfxrt.jar
  [+] C:\Program Files\Java\jre1.8.0_181\lib\ext\localedata.jar
  [+] C:\Program Files\Java\jre1.8.0_181\lib\ext\nashorn.jar
  [+] C:\Program Files\Java\jre1.8.0_181\lib\ext\sunec.jar
  [+] C:\Program Files\Java\jre1.8.0_181\lib\ext\sunjce_provider.jar
  [+] C:\Program Files\Java\jre1.8.0_181\lib\ext\sunmscapi.jar
  [+] C:\Program Files\Java\jre1.8.0_181\lib\ext\sunpkcs11.jar
  [+] C:\Program Files\Java\jre1.8.0_181\lib\ext\zipfs.jar
  [+] C:\Program Files\Java\jre1.8.0_181\lib\jce.jar
  [+] C:\Program Files\Java\jre1.8.0_181\lib\jfr.jar
  [+] C:\Program Files\Java\jre1.8.0_181\lib\jsse.jar
  [+] C:\Program Files\Java\jre1.8.0_181\lib\resources.jar
  [+] C:\Program Files\Java\jre1.8.0_181\lib\rt.jar

!STACK 0
org.eclipse.recommenders.utils.Logs$LogTraceException
	at org.eclipse.recommenders.utils.Logs$LogTraceException.newTrace(Logs.java:381)
	at org.eclipse.recommenders.utils.Logs.log(Logs.java:134)
	at org.eclipse.recommenders.internal.types.rcp.ProjectTypesIndex.needsRebuild(ProjectTypesIndex.java:169)
	at org.eclipse.recommenders.internal.types.rcp.ProjectTypesIndex.startUp(ProjectTypesIndex.java:122)
	at com.google.common.util.concurrent.AbstractIdleService$2$1.run(AbstractIdleService.java:54)
	at com.google.common.util.concurrent.Callables$3.run(Callables.java:93)
	at java.lang.Thread.run(Unknown Source)

!ENTRY org.eclipse.recommenders.types.rcp 1 4 2018-11-13 18:05:35.422
!MESSAGE Full project indexing required:
  [+] C:\Users\alice\Dropbox\IPL_Cours\2018-2019\IPL-2BIN\IPL-2BIN-1Q\SQL\ProjetSOIPLWorkspace\SOIPL\postgresql-42.2.5.jar

!STACK 0
org.eclipse.recommenders.utils.Logs$LogTraceException
	at org.eclipse.recommenders.utils.Logs$LogTraceException.newTrace(Logs.java:381)
	at org.eclipse.recommenders.utils.Logs.log(Logs.java:134)
	at org.eclipse.recommenders.internal.types.rcp.ProjectTypesIndex.needsRebuild(ProjectTypesIndex.java:169)
	at org.eclipse.recommenders.internal.types.rcp.ProjectTypesIndex.suggestRebuild(ProjectTypesIndex.java:444)
	at org.eclipse.recommenders.internal.types.rcp.TypesIndexService.rebuildIndex(TypesIndexService.java:120)
	at org.eclipse.recommenders.internal.types.rcp.TypesIndexService.process(TypesIndexService.java:57)
	at org.eclipse.recommenders.internal.types.rcp.TypesIndexService.process(TypesIndexService.java:63)
	at org.eclipse.recommenders.internal.types.rcp.TypesIndexService.elementChanged(TypesIndexService.java:49)
	at org.eclipse.jdt.internal.core.DeltaProcessor$3.run(DeltaProcessor.java:1730)
	at org.eclipse.core.runtime.SafeRunner.run(SafeRunner.java:42)
	at org.eclipse.jdt.internal.core.DeltaProcessor.notifyListeners(DeltaProcessor.java:1720)
	at org.eclipse.jdt.internal.core.DeltaProcessor.firePostChangeDelta(DeltaProcessor.java:1554)
	at org.eclipse.jdt.internal.core.DeltaProcessor.fire(DeltaProcessor.java:1530)
	at org.eclipse.jdt.internal.core.DeltaProcessor.notifyAndFire(DeltaProcessor.java:2246)
	at org.eclipse.jdt.internal.core.DeltaProcessor.resourceChanged(DeltaProcessor.java:2136)
	at org.eclipse.jdt.internal.core.DeltaProcessingState.resourceChanged(DeltaProcessingState.java:473)
	at org.eclipse.core.internal.events.NotificationManager$1.run(NotificationManager.java:299)
	at org.eclipse.core.runtime.SafeRunner.run(SafeRunner.java:42)
	at org.eclipse.core.internal.events.NotificationManager.notify(NotificationManager.java:289)
	at org.eclipse.core.internal.events.NotificationManager.broadcastChanges(NotificationManager.java:152)
	at org.eclipse.core.internal.resources.Workspace.broadcastPostChange(Workspace.java:374)
	at org.eclipse.core.internal.resources.Workspace.endOperation(Workspace.java:1469)
	at org.eclipse.core.internal.resources.Workspace.run(Workspace.java:2253)
	at org.eclipse.core.internal.resources.Workspace.run(Workspace.java:2267)
	at org.eclipse.jdt.internal.core.JavaModelOperation.runOperation(JavaModelOperation.java:795)
	at org.eclipse.jdt.internal.core.JavaProject.setRawClasspath(JavaProject.java:3390)
	at org.eclipse.jdt.internal.core.JavaProject.setRawClasspath(JavaProject.java:3352)
	at org.eclipse.jdt.internal.core.JavaProject.setRawClasspath(JavaProject.java:3364)
	at org.eclipse.jdt.internal.corext.buildpath.ClasspathModifier.commitClassPath(ClasspathModifier.java:1045)
	at org.eclipse.jdt.internal.ui.wizards.buildpaths.newsourcepage.AddSelectedLibraryToBuildpathAction.addLibraryEntries(AddSelectedLibraryToBuildpathAction.java:133)
	at org.eclipse.jdt.internal.ui.wizards.buildpaths.newsourcepage.AddSelectedLibraryToBuildpathAction.access$0(AddSelectedLibraryToBuildpathAction.java:121)
	at org.eclipse.jdt.internal.ui.wizards.buildpaths.newsourcepage.AddSelectedLibraryToBuildpathAction$1.run(AddSelectedLibraryToBuildpathAction.java:103)
	at org.eclipse.jface.operation.ModalContext.runInCurrentThread(ModalContext.java:437)
	at org.eclipse.jface.operation.ModalContext.run(ModalContext.java:353)
	at org.eclipse.jface.dialogs.ProgressMonitorDialog.run(ProgressMonitorDialog.java:483)
	at org.eclipse.ui.internal.progress.ProgressMonitorJobsDialog.run(ProgressMonitorJobsDialog.java:237)
	at org.eclipse.ui.internal.progress.ProgressManager.run(ProgressManager.java:989)
	at org.eclipse.jdt.internal.ui.wizards.buildpaths.newsourcepage.AddSelectedLibraryToBuildpathAction.run(AddSelectedLibraryToBuildpathAction.java:110)
	at org.eclipse.jface.action.Action.runWithEvent(Action.java:473)
	at org.eclipse.jface.action.ActionContributionItem.handleWidgetSelection(ActionContributionItem.java:565)
	at org.eclipse.jface.action.ActionContributionItem.lambda$4(ActionContributionItem.java:397)
	at org.eclipse.swt.widgets.EventTable.sendEvent(EventTable.java:86)
	at org.eclipse.swt.widgets.Display.sendEvent(Display.java:4428)
	at org.eclipse.swt.widgets.Widget.sendEvent(Widget.java:1079)
	at org.eclipse.swt.widgets.Display.runDeferredEvents(Display.java:4238)
	at org.eclipse.swt.widgets.Display.readAndDispatch(Display.java:3817)
	at org.eclipse.e4.ui.internal.workbench.swt.PartRenderingEngine$5.run(PartRenderingEngine.java:1150)
	at org.eclipse.core.databinding.observable.Realm.runWithDefault(Realm.java:336)
	at org.eclipse.e4.ui.internal.workbench.swt.PartRenderingEngine.run(PartRenderingEngine.java:1039)
	at org.eclipse.e4.ui.internal.workbench.E4Workbench.createAndRunUI(E4Workbench.java:153)
	at org.eclipse.ui.internal.Workbench.lambda$3(Workbench.java:680)
	at org.eclipse.core.databinding.observable.Realm.runWithDefault(Realm.java:336)
	at org.eclipse.ui.internal.Workbench.createAndRunWorkbench(Workbench.java:594)
	at org.eclipse.ui.PlatformUI.createAndRunWorkbench(PlatformUI.java:148)
	at org.eclipse.ui.internal.ide.application.IDEApplication.start(IDEApplication.java:151)
	at org.eclipse.equinox.internal.app.EclipseAppHandle.run(EclipseAppHandle.java:196)
	at org.eclipse.core.runtime.internal.adaptor.EclipseAppLauncher.runApplication(EclipseAppLauncher.java:134)
	at org.eclipse.core.runtime.internal.adaptor.EclipseAppLauncher.start(EclipseAppLauncher.java:104)
	at org.eclipse.core.runtime.adaptor.EclipseStarter.run(EclipseStarter.java:388)
	at org.eclipse.core.runtime.adaptor.EclipseStarter.run(EclipseStarter.java:243)
	at sun.reflect.NativeMethodAccessorImpl.invoke0(Native Method)
	at sun.reflect.NativeMethodAccessorImpl.invoke(Unknown Source)
	at sun.reflect.DelegatingMethodAccessorImpl.invoke(Unknown Source)
	at java.lang.reflect.Method.invoke(Unknown Source)
	at org.eclipse.equinox.launcher.Main.invokeFramework(Main.java:653)
	at org.eclipse.equinox.launcher.Main.basicRun(Main.java:590)
	at org.eclipse.equinox.launcher.Main.run(Main.java:1499)

!ENTRY org.eclipse.recommenders.types.rcp 1 4 2018-11-13 18:17:40.940
!MESSAGE Full project indexing required:
  [+] C:\Users\alice\Dropbox\IPL_Cours\2018-2019\IPL-2BIN\IPL-2BIN-1Q\SQL\ProjetSOIPLWorkspace\SOIPL\lib\postgresql-42.2.5.jar

!STACK 0
org.eclipse.recommenders.utils.Logs$LogTraceException
	at org.eclipse.recommenders.utils.Logs$LogTraceException.newTrace(Logs.java:381)
	at org.eclipse.recommenders.utils.Logs.log(Logs.java:134)
	at org.eclipse.recommenders.internal.types.rcp.ProjectTypesIndex.needsRebuild(ProjectTypesIndex.java:169)
	at org.eclipse.recommenders.internal.types.rcp.ProjectTypesIndex.suggestRebuild(ProjectTypesIndex.java:444)
	at org.eclipse.recommenders.internal.types.rcp.TypesIndexService.rebuildIndex(TypesIndexService.java:120)
	at org.eclipse.recommenders.internal.types.rcp.TypesIndexService.process(TypesIndexService.java:57)
	at org.eclipse.recommenders.internal.types.rcp.TypesIndexService.process(TypesIndexService.java:63)
	at org.eclipse.recommenders.internal.types.rcp.TypesIndexService.elementChanged(TypesIndexService.java:49)
	at org.eclipse.jdt.internal.core.DeltaProcessor$3.run(DeltaProcessor.java:1730)
	at org.eclipse.core.runtime.SafeRunner.run(SafeRunner.java:42)
	at org.eclipse.jdt.internal.core.DeltaProcessor.notifyListeners(DeltaProcessor.java:1720)
	at org.eclipse.jdt.internal.core.DeltaProcessor.firePostChangeDelta(DeltaProcessor.java:1554)
	at org.eclipse.jdt.internal.core.DeltaProcessor.fire(DeltaProcessor.java:1530)
	at org.eclipse.jdt.internal.core.DeltaProcessor.notifyAndFire(DeltaProcessor.java:2246)
	at org.eclipse.jdt.internal.core.DeltaProcessor.resourceChanged(DeltaProcessor.java:2136)
	at org.eclipse.jdt.internal.core.DeltaProcessingState.resourceChanged(DeltaProcessingState.java:473)
	at org.eclipse.core.internal.events.NotificationManager$1.run(NotificationManager.java:299)
	at org.eclipse.core.runtime.SafeRunner.run(SafeRunner.java:42)
	at org.eclipse.core.internal.events.NotificationManager.notify(NotificationManager.java:289)
	at org.eclipse.core.internal.events.NotificationManager.broadcastChanges(NotificationManager.java:152)
	at org.eclipse.core.internal.resources.Workspace.broadcastPostChange(Workspace.java:374)
	at org.eclipse.core.internal.resources.Workspace.endOperation(Workspace.java:1469)
	at org.eclipse.core.internal.resources.Workspace.run(Workspace.java:2253)
	at org.eclipse.core.internal.resources.Workspace.run(Workspace.java:2267)
	at org.eclipse.jdt.internal.core.JavaModelOperation.runOperation(JavaModelOperation.java:795)
	at org.eclipse.jdt.internal.core.JavaProject.setRawClasspath(JavaProject.java:3390)
	at org.eclipse.jdt.internal.core.JavaProject.setRawClasspath(JavaProject.java:3352)
	at org.eclipse.jdt.internal.core.JavaProject.setRawClasspath(JavaProject.java:3364)
	at org.eclipse.jdt.internal.corext.buildpath.ClasspathModifier.commitClassPath(ClasspathModifier.java:1045)
	at org.eclipse.jdt.internal.ui.wizards.buildpaths.newsourcepage.AddSelectedLibraryToBuildpathAction.addLibraryEntries(AddSelectedLibraryToBuildpathAction.java:133)
	at org.eclipse.jdt.internal.ui.wizards.buildpaths.newsourcepage.AddSelectedLibraryToBuildpathAction.access$0(AddSelectedLibraryToBuildpathAction.java:121)
	at org.eclipse.jdt.internal.ui.wizards.buildpaths.newsourcepage.AddSelectedLibraryToBuildpathAction$1.run(AddSelectedLibraryToBuildpathAction.java:103)
	at org.eclipse.jface.operation.ModalContext.runInCurrentThread(ModalContext.java:437)
	at org.eclipse.jface.operation.ModalContext.run(ModalContext.java:353)
	at org.eclipse.jface.dialogs.ProgressMonitorDialog.run(ProgressMonitorDialog.java:483)
	at org.eclipse.ui.internal.progress.ProgressMonitorJobsDialog.run(ProgressMonitorJobsDialog.java:237)
	at org.eclipse.ui.internal.progress.ProgressManager.run(ProgressManager.java:989)
	at org.eclipse.jdt.internal.ui.wizards.buildpaths.newsourcepage.AddSelectedLibraryToBuildpathAction.run(AddSelectedLibraryToBuildpathAction.java:110)
	at org.eclipse.jface.action.Action.runWithEvent(Action.java:473)
	at org.eclipse.jface.action.ActionContributionItem.handleWidgetSelection(ActionContributionItem.java:565)
	at org.eclipse.jface.action.ActionContributionItem.lambda$4(ActionContributionItem.java:397)
	at org.eclipse.swt.widgets.EventTable.sendEvent(EventTable.java:86)
	at org.eclipse.swt.widgets.Display.sendEvent(Display.java:4428)
	at org.eclipse.swt.widgets.Widget.sendEvent(Widget.java:1079)
	at org.eclipse.swt.widgets.Display.runDeferredEvents(Display.java:4238)
	at org.eclipse.swt.widgets.Display.readAndDispatch(Display.java:3817)
	at org.eclipse.e4.ui.internal.workbench.swt.PartRenderingEngine$5.run(PartRenderingEngine.java:1150)
	at org.eclipse.core.databinding.observable.Realm.runWithDefault(Realm.java:336)
	at org.eclipse.e4.ui.internal.workbench.swt.PartRenderingEngine.run(PartRenderingEngine.java:1039)
	at org.eclipse.e4.ui.internal.workbench.E4Workbench.createAndRunUI(E4Workbench.java:153)
	at org.eclipse.ui.internal.Workbench.lambda$3(Workbench.java:680)
	at org.eclipse.core.databinding.observable.Realm.runWithDefault(Realm.java:336)
	at org.eclipse.ui.internal.Workbench.createAndRunWorkbench(Workbench.java:594)
	at org.eclipse.ui.PlatformUI.createAndRunWorkbench(PlatformUI.java:148)
	at org.eclipse.ui.internal.ide.application.IDEApplication.start(IDEApplication.java:151)
	at org.eclipse.equinox.internal.app.EclipseAppHandle.run(EclipseAppHandle.java:196)
	at org.eclipse.core.runtime.internal.adaptor.EclipseAppLauncher.runApplication(EclipseAppLauncher.java:134)
	at org.eclipse.core.runtime.internal.adaptor.EclipseAppLauncher.start(EclipseAppLauncher.java:104)
	at org.eclipse.core.runtime.adaptor.EclipseStarter.run(EclipseStarter.java:388)
	at org.eclipse.core.runtime.adaptor.EclipseStarter.run(EclipseStarter.java:243)
	at sun.reflect.NativeMethodAccessorImpl.invoke0(Native Method)
	at sun.reflect.NativeMethodAccessorImpl.invoke(Unknown Source)
	at sun.reflect.DelegatingMethodAccessorImpl.invoke(Unknown Source)
	at java.lang.reflect.Method.invoke(Unknown Source)
	at org.eclipse.equinox.launcher.Main.invokeFramework(Main.java:653)
	at org.eclipse.equinox.launcher.Main.basicRun(Main.java:590)
	at org.eclipse.equinox.launcher.Main.run(Main.java:1499)

!ENTRY org.eclipse.recommenders.types.rcp 1 4 2018-11-13 18:18:10.913
!MESSAGE Full project indexing required:
  [+] C:\Users\alice\Dropbox\IPL_Cours\2018-2019\IPL-2BIN\IPL-2BIN-1Q\SQL\ProjetSOIPLWorkspace\SOIPL\postgresql-42.2.5.jar

!STACK 0
org.eclipse.recommenders.utils.Logs$LogTraceException
	at org.eclipse.recommenders.utils.Logs$LogTraceException.newTrace(Logs.java:381)
	at org.eclipse.recommenders.utils.Logs.log(Logs.java:134)
	at org.eclipse.recommenders.internal.types.rcp.ProjectTypesIndex.needsRebuild(ProjectTypesIndex.java:169)
	at org.eclipse.recommenders.internal.types.rcp.ProjectTypesIndex.suggestRebuild(ProjectTypesIndex.java:444)
	at org.eclipse.recommenders.internal.types.rcp.TypesIndexService.rebuildIndex(TypesIndexService.java:120)
	at org.eclipse.recommenders.internal.types.rcp.TypesIndexService.processElementRemoved(TypesIndexService.java:107)
	at org.eclipse.recommenders.internal.types.rcp.TypesIndexService.process(TypesIndexService.java:76)
	at org.eclipse.recommenders.internal.types.rcp.TypesIndexService.process(TypesIndexService.java:63)
	at org.eclipse.recommenders.internal.types.rcp.TypesIndexService.process(TypesIndexService.java:63)
	at org.eclipse.recommenders.internal.types.rcp.TypesIndexService.elementChanged(TypesIndexService.java:49)
	at org.eclipse.jdt.internal.core.DeltaProcessor$3.run(DeltaProcessor.java:1730)
	at org.eclipse.core.runtime.SafeRunner.run(SafeRunner.java:42)
	at org.eclipse.jdt.internal.core.DeltaProcessor.notifyListeners(DeltaProcessor.java:1720)
	at org.eclipse.jdt.internal.core.DeltaProcessor.firePostChangeDelta(DeltaProcessor.java:1554)
	at org.eclipse.jdt.internal.core.DeltaProcessor.fire(DeltaProcessor.java:1530)
	at org.eclipse.jdt.internal.core.DeltaProcessor.notifyAndFire(DeltaProcessor.java:2246)
	at org.eclipse.jdt.internal.core.DeltaProcessor.resourceChanged(DeltaProcessor.java:2136)
	at org.eclipse.jdt.internal.core.DeltaProcessingState.resourceChanged(DeltaProcessingState.java:473)
	at org.eclipse.core.internal.events.NotificationManager$1.run(NotificationManager.java:299)
	at org.eclipse.core.runtime.SafeRunner.run(SafeRunner.java:42)
	at org.eclipse.core.internal.events.NotificationManager.notify(NotificationManager.java:289)
	at org.eclipse.core.internal.events.NotificationManager.broadcastChanges(NotificationManager.java:152)
	at org.eclipse.core.internal.resources.Workspace.broadcastPostChange(Workspace.java:374)
	at org.eclipse.core.internal.resources.Workspace.checkpoint(Workspace.java:529)
	at org.eclipse.ltk.core.refactoring.PerformChangeOperation$1.run(PerformChangeOperation.java:262)
	at org.eclipse.core.internal.resources.Workspace.run(Workspace.java:2240)
	at org.eclipse.core.internal.resources.Workspace.run(Workspace.java:2267)
	at org.eclipse.ltk.core.refactoring.PerformChangeOperation.executeChange(PerformChangeOperation.java:305)
	at org.eclipse.ltk.core.refactoring.PerformChangeOperation.run(PerformChangeOperation.java:221)
	at org.eclipse.jdt.internal.ui.refactoring.RefactoringExecutionHelper$Operation.run(RefactoringExecutionHelper.java:108)
	at org.eclipse.jdt.internal.core.BatchOperation.executeOperation(BatchOperation.java:39)
	at org.eclipse.jdt.internal.core.JavaModelOperation.run(JavaModelOperation.java:724)
	at org.eclipse.core.internal.resources.Workspace.run(Workspace.java:2240)
	at org.eclipse.core.internal.resources.Workspace.run(Workspace.java:2267)
	at org.eclipse.jdt.core.JavaCore.run(JavaCore.java:5660)
	at org.eclipse.jdt.internal.ui.actions.WorkbenchRunnableAdapter.run(WorkbenchRunnableAdapter.java:105)
	at org.eclipse.jface.operation.ModalContext.runInCurrentThread(ModalContext.java:437)
	at org.eclipse.jface.operation.ModalContext.run(ModalContext.java:353)
	at org.eclipse.ui.internal.WorkbenchWindow$14.run(WorkbenchWindow.java:2195)
	at org.eclipse.swt.custom.BusyIndicator.showWhile(BusyIndicator.java:70)
	at org.eclipse.ui.internal.WorkbenchWindow.run(WorkbenchWindow.java:2191)
	at org.eclipse.jdt.internal.ui.refactoring.RefactoringExecutionHelper.perform(RefactoringExecutionHelper.java:194)
	at org.eclipse.jdt.internal.ui.refactoring.RefactoringExecutionHelper.perform(RefactoringExecutionHelper.java:153)
	at org.eclipse.jdt.internal.ui.refactoring.reorg.ReorgMoveStarter.run(ReorgMoveStarter.java:70)
	at org.eclipse.jdt.internal.ui.packageview.SelectionTransferDropAdapter.handleDropMove(SelectionTransferDropAdapter.java:264)
	at org.eclipse.jdt.internal.ui.packageview.SelectionTransferDropAdapter.performDrop(SelectionTransferDropAdapter.java:201)
	at org.eclipse.jdt.internal.ui.dnd.JdtViewerDropAdapter.drop(JdtViewerDropAdapter.java:246)
	at org.eclipse.jface.util.DelegatingDropAdapter$3.run(DelegatingDropAdapter.java:219)
	at org.eclipse.core.runtime.SafeRunner.run(SafeRunner.java:42)
	at org.eclipse.ui.internal.JFaceUtil.lambda$0(JFaceUtil.java:44)
	at org.eclipse.jface.util.SafeRunnable.run(SafeRunnable.java:173)
	at org.eclipse.jface.util.DelegatingDropAdapter.drop(DelegatingDropAdapter.java:216)
	at org.eclipse.swt.dnd.DNDListener.handleEvent(DNDListener.java:91)
	at org.eclipse.swt.widgets.EventTable.sendEvent(EventTable.java:86)
	at org.eclipse.swt.widgets.Display.sendEvent(Display.java:4428)
	at org.eclipse.swt.widgets.Widget.sendEvent(Widget.java:1079)
	at org.eclipse.swt.widgets.Widget.sendEvent(Widget.java:1103)
	at org.eclipse.swt.widgets.Widget.sendEvent(Widget.java:1088)
	at org.eclipse.swt.widgets.Widget.notifyListeners(Widget.java:802)
	at org.eclipse.swt.dnd.DropTarget.Drop(DropTarget.java:464)
	at org.eclipse.swt.dnd.DropTarget.Drop_64(DropTarget.java:398)
	at org.eclipse.swt.dnd.DropTarget$1.method6(DropTarget.java:262)
	at org.eclipse.swt.internal.ole.win32.COMObject.callback6(COMObject.java:119)
	at org.eclipse.swt.internal.ole.win32.COM.DoDragDrop(Native Method)
	at org.eclipse.swt.dnd.DragSource.drag(DragSource.java:371)
	at org.eclipse.swt.dnd.DragSource.lambda$0(DragSource.java:172)
	at org.eclipse.swt.widgets.EventTable.sendEvent(EventTable.java:86)
	at org.eclipse.swt.widgets.Display.sendEvent(Display.java:4428)
	at org.eclipse.swt.widgets.Widget.sendEvent(Widget.java:1079)
	at org.eclipse.swt.widgets.Display.runDeferredEvents(Display.java:4238)
	at org.eclipse.swt.widgets.Display.readAndDispatch(Display.java:3817)
	at org.eclipse.e4.ui.internal.workbench.swt.PartRenderingEngine$5.run(PartRenderingEngine.java:1150)
	at org.eclipse.core.databinding.observable.Realm.runWithDefault(Realm.java:336)
	at org.eclipse.e4.ui.internal.workbench.swt.PartRenderingEngine.run(PartRenderingEngine.java:1039)
	at org.eclipse.e4.ui.internal.workbench.E4Workbench.createAndRunUI(E4Workbench.java:153)
	at org.eclipse.ui.internal.Workbench.lambda$3(Workbench.java:680)
	at org.eclipse.core.databinding.observable.Realm.runWithDefault(Realm.java:336)
	at org.eclipse.ui.internal.Workbench.createAndRunWorkbench(Workbench.java:594)
	at org.eclipse.ui.PlatformUI.createAndRunWorkbench(PlatformUI.java:148)
	at org.eclipse.ui.internal.ide.application.IDEApplication.start(IDEApplication.java:151)
	at org.eclipse.equinox.internal.app.EclipseAppHandle.run(EclipseAppHandle.java:196)
	at org.eclipse.core.runtime.internal.adaptor.EclipseAppLauncher.runApplication(EclipseAppLauncher.java:134)
	at org.eclipse.core.runtime.internal.adaptor.EclipseAppLauncher.start(EclipseAppLauncher.java:104)
	at org.eclipse.core.runtime.adaptor.EclipseStarter.run(EclipseStarter.java:388)
	at org.eclipse.core.runtime.adaptor.EclipseStarter.run(EclipseStarter.java:243)
	at sun.reflect.NativeMethodAccessorImpl.invoke0(Native Method)
	at sun.reflect.NativeMethodAccessorImpl.invoke(Unknown Source)
	at sun.reflect.DelegatingMethodAccessorImpl.invoke(Unknown Source)
	at java.lang.reflect.Method.invoke(Unknown Source)
	at org.eclipse.equinox.launcher.Main.invokeFramework(Main.java:653)
	at org.eclipse.equinox.launcher.Main.basicRun(Main.java:590)
	at org.eclipse.equinox.launcher.Main.run(Main.java:1499)

!ENTRY org.eclipse.recommenders.types.rcp 1 4 2018-11-13 18:18:10.975
!MESSAGE Full project indexing required:
  [+] C:\Users\alice\Dropbox\IPL_Cours\2018-2019\IPL-2BIN\IPL-2BIN-1Q\SQL\ProjetSOIPLWorkspace\SOIPL\postgresql-42.2.5.jar

!STACK 0
org.eclipse.recommenders.utils.Logs$LogTraceException
	at org.eclipse.recommenders.utils.Logs$LogTraceException.newTrace(Logs.java:381)
	at org.eclipse.recommenders.utils.Logs.log(Logs.java:134)
	at org.eclipse.recommenders.internal.types.rcp.ProjectTypesIndex.needsRebuild(ProjectTypesIndex.java:169)
	at org.eclipse.recommenders.internal.types.rcp.ProjectTypesIndex.suggestRebuild(ProjectTypesIndex.java:444)
	at org.eclipse.recommenders.internal.types.rcp.TypesIndexService.rebuildIndex(TypesIndexService.java:120)
	at org.eclipse.recommenders.internal.types.rcp.TypesIndexService.processElementAdded(TypesIndexService.java:89)
	at org.eclipse.recommenders.internal.types.rcp.TypesIndexService.process(TypesIndexService.java:70)
	at org.eclipse.recommenders.internal.types.rcp.TypesIndexService.process(TypesIndexService.java:63)
	at org.eclipse.recommenders.internal.types.rcp.TypesIndexService.process(TypesIndexService.java:63)
	at org.eclipse.recommenders.internal.types.rcp.TypesIndexService.elementChanged(TypesIndexService.java:49)
	at org.eclipse.jdt.internal.core.DeltaProcessor$3.run(DeltaProcessor.java:1730)
	at org.eclipse.core.runtime.SafeRunner.run(SafeRunner.java:42)
	at org.eclipse.jdt.internal.core.DeltaProcessor.notifyListeners(DeltaProcessor.java:1720)
	at org.eclipse.jdt.internal.core.DeltaProcessor.firePostChangeDelta(DeltaProcessor.java:1554)
	at org.eclipse.jdt.internal.core.DeltaProcessor.fire(DeltaProcessor.java:1530)
	at org.eclipse.jdt.internal.core.DeltaProcessor.notifyAndFire(DeltaProcessor.java:2246)
	at org.eclipse.jdt.internal.core.DeltaProcessor.resourceChanged(DeltaProcessor.java:2136)
	at org.eclipse.jdt.internal.core.DeltaProcessingState.resourceChanged(DeltaProcessingState.java:473)
	at org.eclipse.core.internal.events.NotificationManager$1.run(NotificationManager.java:299)
	at org.eclipse.core.runtime.SafeRunner.run(SafeRunner.java:42)
	at org.eclipse.core.internal.events.NotificationManager.notify(NotificationManager.java:289)
	at org.eclipse.core.internal.events.NotificationManager.broadcastChanges(NotificationManager.java:152)
	at org.eclipse.core.internal.resources.Workspace.broadcastPostChange(Workspace.java:374)
	at org.eclipse.core.internal.resources.Workspace.checkpoint(Workspace.java:529)
	at org.eclipse.ltk.core.refactoring.PerformChangeOperation$1.run(PerformChangeOperation.java:262)
	at org.eclipse.core.internal.resources.Workspace.run(Workspace.java:2240)
	at org.eclipse.core.internal.resources.Workspace.run(Workspace.java:2267)
	at org.eclipse.ltk.core.refactoring.PerformChangeOperation.executeChange(PerformChangeOperation.java:305)
	at org.eclipse.ltk.core.refactoring.PerformChangeOperation.run(PerformChangeOperation.java:221)
	at org.eclipse.jdt.internal.ui.refactoring.RefactoringExecutionHelper$Operation.run(RefactoringExecutionHelper.java:108)
	at org.eclipse.jdt.internal.core.BatchOperation.executeOperation(BatchOperation.java:39)
	at org.eclipse.jdt.internal.core.JavaModelOperation.run(JavaModelOperation.java:724)
	at org.eclipse.core.internal.resources.Workspace.run(Workspace.java:2240)
	at org.eclipse.core.internal.resources.Workspace.run(Workspace.java:2267)
	at org.eclipse.jdt.core.JavaCore.run(JavaCore.java:5660)
	at org.eclipse.jdt.internal.ui.actions.WorkbenchRunnableAdapter.run(WorkbenchRunnableAdapter.java:105)
	at org.eclipse.jface.operation.ModalContext.runInCurrentThread(ModalContext.java:437)
	at org.eclipse.jface.operation.ModalContext.run(ModalContext.java:353)
	at org.eclipse.ui.internal.WorkbenchWindow$14.run(WorkbenchWindow.java:2195)
	at org.eclipse.swt.custom.BusyIndicator.showWhile(BusyIndicator.java:70)
	at org.eclipse.ui.internal.WorkbenchWindow.run(WorkbenchWindow.java:2191)
	at org.eclipse.jdt.internal.ui.refactoring.RefactoringExecutionHelper.perform(RefactoringExecutionHelper.java:194)
	at org.eclipse.jdt.internal.ui.refactoring.RefactoringExecutionHelper.perform(RefactoringExecutionHelper.java:153)
	at org.eclipse.jdt.internal.ui.refactoring.reorg.ReorgMoveStarter.run(ReorgMoveStarter.java:70)
	at org.eclipse.jdt.internal.ui.packageview.SelectionTransferDropAdapter.handleDropMove(SelectionTransferDropAdapter.java:264)
	at org.eclipse.jdt.internal.ui.packageview.SelectionTransferDropAdapter.performDrop(SelectionTransferDropAdapter.java:201)
	at org.eclipse.jdt.internal.ui.dnd.JdtViewerDropAdapter.drop(JdtViewerDropAdapter.java:246)
	at org.eclipse.jface.util.DelegatingDropAdapter$3.run(DelegatingDropAdapter.java:219)
	at org.eclipse.core.runtime.SafeRunner.run(SafeRunner.java:42)
	at org.eclipse.ui.internal.JFaceUtil.lambda$0(JFaceUtil.java:44)
	at org.eclipse.jface.util.SafeRunnable.run(SafeRunnable.java:173)
	at org.eclipse.jface.util.DelegatingDropAdapter.drop(DelegatingDropAdapter.java:216)
	at org.eclipse.swt.dnd.DNDListener.handleEvent(DNDListener.java:91)
	at org.eclipse.swt.widgets.EventTable.sendEvent(EventTable.java:86)
	at org.eclipse.swt.widgets.Display.sendEvent(Display.java:4428)
	at org.eclipse.swt.widgets.Widget.sendEvent(Widget.java:1079)
	at org.eclipse.swt.widgets.Widget.sendEvent(Widget.java:1103)
	at org.eclipse.swt.widgets.Widget.sendEvent(Widget.java:1088)
	at org.eclipse.swt.widgets.Widget.notifyListeners(Widget.java:802)
	at org.eclipse.swt.dnd.DropTarget.Drop(DropTarget.java:464)
	at org.eclipse.swt.dnd.DropTarget.Drop_64(DropTarget.java:398)
	at org.eclipse.swt.dnd.DropTarget$1.method6(DropTarget.java:262)
	at org.eclipse.swt.internal.ole.win32.COMObject.callback6(COMObject.java:119)
	at org.eclipse.swt.internal.ole.win32.COM.DoDragDrop(Native Method)
	at org.eclipse.swt.dnd.DragSource.drag(DragSource.java:371)
	at org.eclipse.swt.dnd.DragSource.lambda$0(DragSource.java:172)
	at org.eclipse.swt.widgets.EventTable.sendEvent(EventTable.java:86)
	at org.eclipse.swt.widgets.Display.sendEvent(Display.java:4428)
	at org.eclipse.swt.widgets.Widget.sendEvent(Widget.java:1079)
	at org.eclipse.swt.widgets.Display.runDeferredEvents(Display.java:4238)
	at org.eclipse.swt.widgets.Display.readAndDispatch(Display.java:3817)
	at org.eclipse.e4.ui.internal.workbench.swt.PartRenderingEngine$5.run(PartRenderingEngine.java:1150)
	at org.eclipse.core.databinding.observable.Realm.runWithDefault(Realm.java:336)
	at org.eclipse.e4.ui.internal.workbench.swt.PartRenderingEngine.run(PartRenderingEngine.java:1039)
	at org.eclipse.e4.ui.internal.workbench.E4Workbench.createAndRunUI(E4Workbench.java:153)
	at org.eclipse.ui.internal.Workbench.lambda$3(Workbench.java:680)
	at org.eclipse.core.databinding.observable.Realm.runWithDefault(Realm.java:336)
	at org.eclipse.ui.internal.Workbench.createAndRunWorkbench(Workbench.java:594)
	at org.eclipse.ui.PlatformUI.createAndRunWorkbench(PlatformUI.java:148)
	at org.eclipse.ui.internal.ide.application.IDEApplication.start(IDEApplication.java:151)
	at org.eclipse.equinox.internal.app.EclipseAppHandle.run(EclipseAppHandle.java:196)
	at org.eclipse.core.runtime.internal.adaptor.EclipseAppLauncher.runApplication(EclipseAppLauncher.java:134)
	at org.eclipse.core.runtime.internal.adaptor.EclipseAppLauncher.start(EclipseAppLauncher.java:104)
	at org.eclipse.core.runtime.adaptor.EclipseStarter.run(EclipseStarter.java:388)
	at org.eclipse.core.runtime.adaptor.EclipseStarter.run(EclipseStarter.java:243)
	at sun.reflect.NativeMethodAccessorImpl.invoke0(Native Method)
	at sun.reflect.NativeMethodAccessorImpl.invoke(Unknown Source)
	at sun.reflect.DelegatingMethodAccessorImpl.invoke(Unknown Source)
	at java.lang.reflect.Method.invoke(Unknown Source)
	at org.eclipse.equinox.launcher.Main.invokeFramework(Main.java:653)
	at org.eclipse.equinox.launcher.Main.basicRun(Main.java:590)
	at org.eclipse.equinox.launcher.Main.run(Main.java:1499)
!SESSION 2018-11-13 19:03:49.309 -----------------------------------------------
eclipse.buildId=4.7.2.M20171130-0510
java.version=1.8.0_181
java.vendor=Oracle Corporation
BootLoader constants: OS=win32, ARCH=x86_64, WS=win32, NL=fr_BE
Framework arguments:  -product org.eclipse.epp.package.java.product
Command-line arguments:  -os win32 -ws win32 -arch x86_64 -product org.eclipse.epp.package.java.product

!ENTRY org.eclipse.core.resources 2 10035 2018-11-13 19:04:13.310
!MESSAGE The workspace exited with unsaved changes in the previous session; refreshing workspace to recover changes.

!ENTRY org.eclipse.egit.ui 2 0 2018-11-13 19:04:55.437
!MESSAGE Warning: The environment variable HOME is not set. The following directory will be used to store the Git
user global configuration and to define the default location to store repositories: 'C:\Users\alice'. If this is
not correct please set the HOME environment variable and restart Eclipse. Otherwise Git for Windows and
EGit might behave differently since they see different configuration options.
This warning can be switched off on the Team > Git > Confirmations and Warnings preference page.
!SESSION 2018-11-13 20:40:32.215 -----------------------------------------------
eclipse.buildId=4.7.2.M20171130-0510
java.version=1.8.0_181
java.vendor=Oracle Corporation
BootLoader constants: OS=win32, ARCH=x86_64, WS=win32, NL=fr_BE
Framework arguments:  -product org.eclipse.epp.package.java.product
Command-line arguments:  -os win32 -ws win32 -arch x86_64 -product org.eclipse.epp.package.java.product

!ENTRY org.eclipse.egit.ui 2 0 2018-11-13 20:41:38.362
!MESSAGE Warning: The environment variable HOME is not set. The following directory will be used to store the Git
user global configuration and to define the default location to store repositories: 'C:\Users\alice'. If this is
not correct please set the HOME environment variable and restart Eclipse. Otherwise Git for Windows and
EGit might behave differently since they see different configuration options.
This warning can be switched off on the Team > Git > Confirmations and Warnings preference page.

!ENTRY org.eclipse.jface.text 2 0 2018-11-13 20:49:08.201
!MESSAGE Duplicate template id: 'org.eclipse.wst.xslt.templates.xpath.number'

!ENTRY org.eclipse.jface.text 2 0 2018-11-13 20:49:08.209
!MESSAGE Duplicate template id: 'org.eclipse.wst.xslt.templates.xpath.round'

!ENTRY org.eclipse.recommenders.types.rcp 1 4 2018-11-13 21:00:37.761
!MESSAGE Full project indexing required:
  [+] C:\Users\alice\Dropbox\IPL_Cours\2018-2019\IPL-2BIN\IPL-2BIN-1Q\SQL\ProjetSOIPLWorkspace\SOIPL\lib\postgresql-42.2.5.jar

!STACK 0
org.eclipse.recommenders.utils.Logs$LogTraceException
	at org.eclipse.recommenders.utils.Logs$LogTraceException.newTrace(Logs.java:381)
	at org.eclipse.recommenders.utils.Logs.log(Logs.java:134)
	at org.eclipse.recommenders.internal.types.rcp.ProjectTypesIndex.needsRebuild(ProjectTypesIndex.java:169)
	at org.eclipse.recommenders.internal.types.rcp.ProjectTypesIndex.startUp(ProjectTypesIndex.java:122)
	at com.google.common.util.concurrent.AbstractIdleService$2$1.run(AbstractIdleService.java:54)
	at com.google.common.util.concurrent.Callables$3.run(Callables.java:93)
	at java.lang.Thread.run(Unknown Source)

!ENTRY org.eclipse.recommenders.models.rcp 1 11 2018-11-13 21:00:37.823
!MESSAGE The model index service was accessed either before it started or after it finished running.
!STACK 0
org.eclipse.recommenders.utils.Logs$LogTraceException
	at org.eclipse.recommenders.utils.Logs$LogTraceException.newTrace(Logs.java:381)
	at org.eclipse.recommenders.utils.Logs.log(Logs.java:134)
	at org.eclipse.recommenders.utils.Logs.log(Logs.java:126)
	at org.eclipse.recommenders.internal.models.rcp.EclipseModelIndex.suggest(EclipseModelIndex.java:211)
	at org.eclipse.recommenders.models.SimpleModelProvider.acquireModel(SimpleModelProvider.java:70)
	at org.eclipse.recommenders.models.PoolingModelProvider.access$0(PoolingModelProvider.java:1)
	at org.eclipse.recommenders.models.PoolingModelProvider$ModelPoolFactoryMediator.makeObject(PoolingModelProvider.java:96)
	at org.eclipse.recommenders.models.PoolingModelProvider$ModelPoolFactoryMediator.makeObject(PoolingModelProvider.java:1)
	at org.apache.commons.pool.impl.GenericKeyedObjectPool.borrowObject(GenericKeyedObjectPool.java:1220)
	at org.eclipse.recommenders.models.PoolingModelProvider.acquireModel(PoolingModelProvider.java:67)
	at org.eclipse.recommenders.internal.calls.rcp.RcpCallModelProvider.acquireModel(RcpCallModelProvider.java:65)
	at org.eclipse.recommenders.internal.calls.rcp.RcpCallModelProvider.acquireModel(RcpCallModelProvider.java:1)
	at org.eclipse.recommenders.internal.models.rcp.PrefetchModelArchiveJob.run(PrefetchModelArchiveJob.java:43)
	at org.eclipse.core.internal.jobs.Worker.run(Worker.java:56)
!SESSION 2018-11-14 08:51:25.934 -----------------------------------------------
eclipse.buildId=4.7.2.M20171130-0510
java.version=1.8.0_181
java.vendor=Oracle Corporation
BootLoader constants: OS=win32, ARCH=x86_64, WS=win32, NL=fr_BE
Framework arguments:  -product org.eclipse.epp.package.java.product
Command-line arguments:  -os win32 -ws win32 -arch x86_64 -product org.eclipse.epp.package.java.product

!ENTRY org.eclipse.egit.ui 2 0 2018-11-14 08:52:29.861
!MESSAGE Warning: The environment variable HOME is not set. The following directory will be used to store the Git
user global configuration and to define the default location to store repositories: 'C:\Users\alice'. If this is
not correct please set the HOME environment variable and restart Eclipse. Otherwise Git for Windows and
EGit might behave differently since they see different configuration options.
This warning can be switched off on the Team > Git > Confirmations and Warnings preference page.

!ENTRY org.eclipse.jface.text 2 0 2018-11-14 08:55:06.216
!MESSAGE Duplicate template id: 'org.eclipse.wst.xslt.templates.xpath.number'

!ENTRY org.eclipse.jface.text 2 0 2018-11-14 08:55:06.216
!MESSAGE Duplicate template id: 'org.eclipse.wst.xslt.templates.xpath.round'

!ENTRY org.eclipse.recommenders.models.rcp 1 11 2018-11-14 08:55:08.154
!MESSAGE The model index service was accessed either before it started or after it finished running.
!STACK 0
org.eclipse.recommenders.utils.Logs$LogTraceException
	at org.eclipse.recommenders.utils.Logs$LogTraceException.newTrace(Logs.java:381)
	at org.eclipse.recommenders.utils.Logs.log(Logs.java:134)
	at org.eclipse.recommenders.utils.Logs.log(Logs.java:126)
	at org.eclipse.recommenders.internal.models.rcp.EclipseModelIndex.suggest(EclipseModelIndex.java:211)
	at org.eclipse.recommenders.models.SimpleModelProvider.acquireModel(SimpleModelProvider.java:70)
	at org.eclipse.recommenders.models.PoolingModelProvider.access$0(PoolingModelProvider.java:1)
	at org.eclipse.recommenders.models.PoolingModelProvider$ModelPoolFactoryMediator.makeObject(PoolingModelProvider.java:96)
	at org.eclipse.recommenders.models.PoolingModelProvider$ModelPoolFactoryMediator.makeObject(PoolingModelProvider.java:1)
	at org.apache.commons.pool.impl.GenericKeyedObjectPool.borrowObject(GenericKeyedObjectPool.java:1220)
	at org.eclipse.recommenders.models.PoolingModelProvider.acquireModel(PoolingModelProvider.java:67)
	at org.eclipse.recommenders.internal.calls.rcp.RcpCallModelProvider.acquireModel(RcpCallModelProvider.java:65)
	at org.eclipse.recommenders.internal.calls.rcp.RcpCallModelProvider.acquireModel(RcpCallModelProvider.java:1)
	at org.eclipse.recommenders.internal.models.rcp.PrefetchModelArchiveJob.run(PrefetchModelArchiveJob.java:43)
	at org.eclipse.core.internal.jobs.Worker.run(Worker.java:56)
